1745804228796|0|statement|connection 39|url jdbc:h2:mem:4cfff992-05f5-4f11-8b2c-26c6c8d4cb35|drop table if exists books cascade |drop table if exists books cascade 
1745804228797|0|statement|connection 39|url jdbc:h2:mem:4cfff992-05f5-4f11-8b2c-26c6c8d4cb35|drop table if exists comments cascade |drop table if exists comments cascade 
1745804228797|0|statement|connection 39|url jdbc:h2:mem:4cfff992-05f5-4f11-8b2c-26c6c8d4cb35|drop table if exists dashboards cascade |drop table if exists dashboards cascade 
1745804228797|0|statement|connection 39|url jdbc:h2:mem:4cfff992-05f5-4f11-8b2c-26c6c8d4cb35|drop table if exists likes cascade |drop table if exists likes cascade 
1745804228797|0|statement|connection 39|url jdbc:h2:mem:4cfff992-05f5-4f11-8b2c-26c6c8d4cb35|drop table if exists notifications cascade |drop table if exists notifications cascade 
1745804228798|0|statement|connection 39|url jdbc:h2:mem:4cfff992-05f5-4f11-8b2c-26c6c8d4cb35|drop table if exists reviews cascade |drop table if exists reviews cascade 
1745804228798|0|statement|connection 39|url jdbc:h2:mem:4cfff992-05f5-4f11-8b2c-26c6c8d4cb35|drop table if exists users cascade |drop table if exists users cascade 
1745804228800|0|statement|connection 40|url jdbc:h2:mem:990027e5-03eb-42b0-b986-abb14db16c0e|drop table if exists books cascade |drop table if exists books cascade 
1745804228800|0|statement|connection 40|url jdbc:h2:mem:990027e5-03eb-42b0-b986-abb14db16c0e|drop table if exists comments cascade |drop table if exists comments cascade 
1745804228800|0|statement|connection 40|url jdbc:h2:mem:990027e5-03eb-42b0-b986-abb14db16c0e|drop table if exists dashboards cascade |drop table if exists dashboards cascade 
1745804228800|0|statement|connection 40|url jdbc:h2:mem:990027e5-03eb-42b0-b986-abb14db16c0e|drop table if exists likes cascade |drop table if exists likes cascade 
1745804228801|0|statement|connection 40|url jdbc:h2:mem:990027e5-03eb-42b0-b986-abb14db16c0e|drop table if exists notifications cascade |drop table if exists notifications cascade 
1745804228801|0|statement|connection 40|url jdbc:h2:mem:990027e5-03eb-42b0-b986-abb14db16c0e|drop table if exists reviews cascade |drop table if exists reviews cascade 
1745804228801|0|statement|connection 40|url jdbc:h2:mem:990027e5-03eb-42b0-b986-abb14db16c0e|drop table if exists users cascade |drop table if exists users cascade 
1745804228804|0|statement|connection 41|url jdbc:h2:mem:testdb|drop table if exists books cascade |drop table if exists books cascade 
1745804228805|0|statement|connection 41|url jdbc:h2:mem:testdb|drop table if exists comments cascade |drop table if exists comments cascade 
1745804228805|0|statement|connection 41|url jdbc:h2:mem:testdb|drop table if exists dashboards cascade |drop table if exists dashboards cascade 
1745804228805|0|statement|connection 41|url jdbc:h2:mem:testdb|drop table if exists likes cascade |drop table if exists likes cascade 
1745804228805|0|statement|connection 41|url jdbc:h2:mem:testdb|drop table if exists notifications cascade |drop table if exists notifications cascade 
1745804228805|0|statement|connection 41|url jdbc:h2:mem:testdb|drop table if exists reviews cascade |drop table if exists reviews cascade 
1745804228805|0|statement|connection 41|url jdbc:h2:mem:testdb|drop table if exists users cascade |drop table if exists users cascade 
1745804260614|0|statement|connection 39|url jdbc:h2:mem:testdb|drop table if exists books cascade |drop table if exists books cascade 
1745804260615|0|statement|connection 39|url jdbc:h2:mem:testdb|drop table if exists comments cascade |drop table if exists comments cascade 
1745804260615|0|statement|connection 39|url jdbc:h2:mem:testdb|drop table if exists dashboards cascade |drop table if exists dashboards cascade 
1745804260615|0|statement|connection 39|url jdbc:h2:mem:testdb|drop table if exists likes cascade |drop table if exists likes cascade 
1745804260615|0|statement|connection 39|url jdbc:h2:mem:testdb|drop table if exists notifications cascade |drop table if exists notifications cascade 
1745804260615|0|statement|connection 39|url jdbc:h2:mem:testdb|drop table if exists reviews cascade |drop table if exists reviews cascade 
1745804260616|0|statement|connection 39|url jdbc:h2:mem:testdb|drop table if exists users cascade |drop table if exists users cascade 
1745804260621|0|statement|connection 40|url jdbc:h2:mem:81303e9a-a09b-4647-867e-4ec06d94cd72|drop table if exists books cascade |drop table if exists books cascade 
1745804260621|0|statement|connection 40|url jdbc:h2:mem:81303e9a-a09b-4647-867e-4ec06d94cd72|drop table if exists comments cascade |drop table if exists comments cascade 
1745804260621|0|statement|connection 40|url jdbc:h2:mem:81303e9a-a09b-4647-867e-4ec06d94cd72|drop table if exists dashboards cascade |drop table if exists dashboards cascade 
1745804260621|0|statement|connection 40|url jdbc:h2:mem:81303e9a-a09b-4647-867e-4ec06d94cd72|drop table if exists likes cascade |drop table if exists likes cascade 
1745804260622|0|statement|connection 40|url jdbc:h2:mem:81303e9a-a09b-4647-867e-4ec06d94cd72|drop table if exists notifications cascade |drop table if exists notifications cascade 
1745804260622|0|statement|connection 40|url jdbc:h2:mem:81303e9a-a09b-4647-867e-4ec06d94cd72|drop table if exists reviews cascade |drop table if exists reviews cascade 
1745804260622|0|statement|connection 40|url jdbc:h2:mem:81303e9a-a09b-4647-867e-4ec06d94cd72|drop table if exists users cascade |drop table if exists users cascade 
1745804260626|0|statement|connection 41|url jdbc:h2:mem:testdb|drop table if exists books cascade |drop table if exists books cascade 
1745804260626|0|statement|connection 41|url jdbc:h2:mem:testdb|drop table if exists comments cascade |drop table if exists comments cascade 
1745804260626|0|statement|connection 41|url jdbc:h2:mem:testdb|drop table if exists dashboards cascade |drop table if exists dashboards cascade 
1745804260626|0|statement|connection 41|url jdbc:h2:mem:testdb|drop table if exists likes cascade |drop table if exists likes cascade 
1745804260626|0|statement|connection 41|url jdbc:h2:mem:testdb|drop table if exists notifications cascade |drop table if exists notifications cascade 
1745804260626|0|statement|connection 41|url jdbc:h2:mem:testdb|drop table if exists reviews cascade |drop table if exists reviews cascade 
1745804260626|0|statement|connection 41|url jdbc:h2:mem:testdb|drop table if exists users cascade |drop table if exists users cascade 
1745804305641|0|statement|connection 39|url jdbc:h2:mem:testdb|drop table if exists books cascade |drop table if exists books cascade 
1745804305642|0|statement|connection 39|url jdbc:h2:mem:testdb|drop table if exists comments cascade |drop table if exists comments cascade 
1745804305642|0|statement|connection 39|url jdbc:h2:mem:testdb|drop table if exists dashboards cascade |drop table if exists dashboards cascade 
1745804305642|0|statement|connection 39|url jdbc:h2:mem:testdb|drop table if exists likes cascade |drop table if exists likes cascade 
1745804305643|0|statement|connection 39|url jdbc:h2:mem:testdb|drop table if exists notifications cascade |drop table if exists notifications cascade 
1745804305643|0|statement|connection 39|url jdbc:h2:mem:testdb|drop table if exists reviews cascade |drop table if exists reviews cascade 
1745804305643|0|statement|connection 39|url jdbc:h2:mem:testdb|drop table if exists users cascade |drop table if exists users cascade 
1745804305646|0|statement|connection 40|url jdbc:h2:mem:76b7a27c-e1fc-412c-8c93-ff1deddd1a2a|drop table if exists books cascade |drop table if exists books cascade 
1745804305646|0|statement|connection 40|url jdbc:h2:mem:76b7a27c-e1fc-412c-8c93-ff1deddd1a2a|drop table if exists comments cascade |drop table if exists comments cascade 
1745804305646|0|statement|connection 40|url jdbc:h2:mem:76b7a27c-e1fc-412c-8c93-ff1deddd1a2a|drop table if exists dashboards cascade |drop table if exists dashboards cascade 
1745804305647|0|statement|connection 40|url jdbc:h2:mem:76b7a27c-e1fc-412c-8c93-ff1deddd1a2a|drop table if exists likes cascade |drop table if exists likes cascade 
1745804305647|0|statement|connection 40|url jdbc:h2:mem:76b7a27c-e1fc-412c-8c93-ff1deddd1a2a|drop table if exists notifications cascade |drop table if exists notifications cascade 
1745804305647|0|statement|connection 40|url jdbc:h2:mem:76b7a27c-e1fc-412c-8c93-ff1deddd1a2a|drop table if exists reviews cascade |drop table if exists reviews cascade 
1745804305647|0|statement|connection 40|url jdbc:h2:mem:76b7a27c-e1fc-412c-8c93-ff1deddd1a2a|drop table if exists users cascade |drop table if exists users cascade 
1745804305651|0|statement|connection 41|url jdbc:h2:mem:testdb|drop table if exists books cascade |drop table if exists books cascade 
1745804305651|0|statement|connection 41|url jdbc:h2:mem:testdb|drop table if exists comments cascade |drop table if exists comments cascade 
1745804305651|0|statement|connection 41|url jdbc:h2:mem:testdb|drop table if exists dashboards cascade |drop table if exists dashboards cascade 
1745804305651|0|statement|connection 41|url jdbc:h2:mem:testdb|drop table if exists likes cascade |drop table if exists likes cascade 
1745804305651|0|statement|connection 41|url jdbc:h2:mem:testdb|drop table if exists notifications cascade |drop table if exists notifications cascade 
1745804305651|0|statement|connection 41|url jdbc:h2:mem:testdb|drop table if exists reviews cascade |drop table if exists reviews cascade 
1745804305651|0|statement|connection 41|url jdbc:h2:mem:testdb|drop table if exists users cascade |drop table if exists users cascade 
